<?xml version="1.0" encoding="UTF-8"?>
<!-- Generated by org.testng.reporters.JUnitReportReporter -->
<testsuite hostname="dinesh" failures="0" tests="2" name="com.simplilearn.Phase_5_Project2.FacebookLogin" time="128.035" errors="0" timestamp="2022-03-23T22:50:29 IST" skipped="0">
  <testcase classname="com.simplilearn.Phase_5_Project2.FacebookLogin" name="launchFB" time="121.424"/>
  <system-out/>
  <testcase classname="com.simplilearn.Phase_5_Project2.FacebookLogin" name="login" time="6.611"/>
  <system-out/>
</testsuite> <!-- com.simplilearn.Phase_5_Project2.FacebookLogin -->
