<?xml version="1.0" encoding="UTF-8"?>
<!-- Generated by org.testng.reporters.JUnitReportReporter -->
<testsuite hostname="dinesh" failures="0" tests="2" name="com.simplilearn.seleniumJenkins.FacebookTest" time="65.979" errors="0" timestamp="2022-03-21T15:25:14 IST" skipped="0">
  <testcase classname="com.simplilearn.seleniumJenkins.FacebookTest" name="launchFB" time="63.051"/>
  <system-out/>
  <testcase classname="com.simplilearn.seleniumJenkins.FacebookTest" name="titleTest" time="2.928"/>
  <system-out/>
</testsuite> <!-- com.simplilearn.seleniumJenkins.FacebookTest -->
